<?xml version="1.0" encoding="UTF-8"?>
<!-- Generated by org.testng.reporters.JUnitReportReporter -->
<testsuite hostname="DESKTOP-2RAM82V" failures="0" tests="1" name="airlines.AirlineTestsNew" time="3.195" errors="0" timestamp="2023-03-25T00:07:26 GMT-04:00" skipped="0">
  <testcase classname="airlines.AirlineTestsNew" name="createAirlineAndVerify" time="3.195"/>
  <system-out/>
</testsuite> <!-- airlines.AirlineTestsNew -->
